<?xml version="1.0" encoding="UTF-8"?>
<!-- Generated by org.testng.reporters.JUnitXMLReporter -->
<testsuite hostname="SOLID-CBE-LAP8" name="Test One" tests="1" failures="0" timestamp="25 Jan 2017 13:21:36 GMT" time="0.203" errors="0">
  <testcase name="@BeforeTest beforeTest" time="0.0" classname="testCases.LaunchTest">
    <failure type="java.lang.NoClassDefFoundError" message="org/openqa/selenium/io/CircularOutputStream">
      <![CDATA[java.lang.NoClassDefFoundError: org/openqa/selenium/io/CircularOutputStream
	at org.openqa.selenium.firefox.FirefoxBinary.<init>(FirefoxBinary.java:60)
	at org.openqa.selenium.firefox.FirefoxBinary.<init>(FirefoxBinary.java:56)
	at org.openqa.selenium.firefox.FirefoxDriver.<init>(FirefoxDriver.java:120)
	at testCases.LaunchTest.beforeTest(LaunchTest.java:56)
	at org.apache.maven.surefire.testng.TestNGExecutor.run(TestNGExecutor.java:281)
	at org.apache.maven.surefire.testng.TestNGXmlTestSuite.execute(TestNGXmlTestSuite.java:75)
	at org.apache.maven.surefire.testng.TestNGProvider.invoke(TestNGProvider.java:121)
	at org.apache.maven.surefire.booter.ForkedBooter.invokeProviderInSameClassLoader(ForkedBooter.java:290)
	at org.apache.maven.surefire.booter.ForkedBooter.runSuitesInProcess(ForkedBooter.java:242)
	at org.apache.maven.surefire.booter.ForkedBooter.main(ForkedBooter.java:121)
Caused by: java.lang.ClassNotFoundException: org.openqa.selenium.io.CircularOutputStream
	at java.net.URLClassLoader.findClass(URLClassLoader.java:381)
	at java.lang.ClassLoader.loadClass(ClassLoader.java:424)
	at sun.misc.Launcher$AppClassLoader.loadClass(Launcher.java:331)
	at java.lang.ClassLoader.loadClass(ClassLoader.java:357)
	... 29 more
... Removed 19 stack frames]]>
    </failure>
  </testcase> <!-- @BeforeTest beforeTest -->
  <testcase name="@AfterTest afterTest" time="0.0" classname="testCases.LaunchTest">
    <skipped/>
  </testcase> <!-- @AfterTest afterTest -->
  <testcase name="AzureScreenShot" time="0.004" classname="testCases.LaunchTest">
    <skipped/>
  </testcase> <!-- AzureScreenShot -->
</testsuite> <!-- Test One -->
